[17/Nov/2018:11:43:32] ENGINE Listening for SIGUSR1.
[17/Nov/2018:11:43:32] ENGINE Listening for SIGHUP.
[17/Nov/2018:11:43:32] ENGINE Listening for SIGTERM.
[17/Nov/2018:11:43:32] ENGINE Bus STARTING
[17/Nov/2018:11:43:32] ENGINE Started monitor thread 'Autoreloader'.
[17/Nov/2018:11:43:32] ENGINE Serving on https://195.201.138.7:8443
[17/Nov/2018:11:43:32] ENGINE Bus STARTED
2018-11-17 12:42:00,505 (util.py:65 WorkerThread2) ERROR - TeleBot: "ValueError occurred, args=("could not convert string to float: 'Вернуться'",)
Traceback (most recent call last):
  File "/home/prostoedgar/python-virtual-environments/BTS/lib/python3.5/site-packages/telebot/util.py", line 59, in run
    task(*args, **kwargs)
  File "./main.py", line 1751, in ask_tokens2
    tokens = float(message.text)
ValueError: could not convert string to float: 'Вернуться'
"
2018-11-17 13:03:28,102 (util.py:65 WorkerThread2) ERROR - TeleBot: "ValueError occurred, args=("could not convert string to float: 'Вернуться'",)
Traceback (most recent call last):
  File "/home/prostoedgar/python-virtual-environments/BTS/lib/python3.5/site-packages/telebot/util.py", line 59, in run
    task(*args, **kwargs)
  File "./main.py", line 1751, in ask_tokens2
    tokens = float(message.text)
ValueError: could not convert string to float: 'Вернуться'
"
2018-11-17 13:03:42,436 (util.py:65 WorkerThread1) ERROR - TeleBot: "ValueError occurred, args=("could not convert string to float: 'Вернуться'",)
Traceback (most recent call last):
  File "/home/prostoedgar/python-virtual-environments/BTS/lib/python3.5/site-packages/telebot/util.py", line 59, in run
    task(*args, **kwargs)
  File "./main.py", line 1751, in ask_tokens2
    tokens = float(message.text)
ValueError: could not convert string to float: 'Вернуться'
"
[17/Nov/2018:21:48:04] ENGINE Caught signal SIGHUP.
[17/Nov/2018:21:48:04] ENGINE SIGHUP caught but not daemonized. Exiting.
[17/Nov/2018:21:48:04] ENGINE Bus STOPPING
[17/Nov/2018:21:48:04] ENGINE HTTP Server cherrypy._cpwsgi_server.CPWSGIServer(('195.201.138.7', 8443)) shut down
[17/Nov/2018:21:48:04] ENGINE Stopped thread 'Autoreloader'.
[17/Nov/2018:21:48:04] ENGINE Bus STOPPED
[17/Nov/2018:21:48:04] ENGINE Bus EXITING
[17/Nov/2018:21:48:04] ENGINE Bus EXITED
[17/Nov/2018:21:48:04] ENGINE Waiting for child threads to terminate...
